<?xml version="1.0" encoding="UTF-8"?>
<testsuite name="com.kodilla.stream.invoice.simple.SimpleInvoiceTestSuite" tests="1" skipped="0" failures="0" errors="0" timestamp="2023-04-09T18:54:37" hostname="DESKTOP-2EEOVRR" time="0.023">
  <properties/>
  <testcase name="testGetValueToPay()" classname="com.kodilla.stream.invoice.simple.SimpleInvoiceTestSuite" time="0.023"/>
  <system-out><![CDATA[]]></system-out>
  <system-err><![CDATA[]]></system-err>
</testsuite>
